  Ajedrez.cpp
  Alfil.cpp
  Caballo.cpp
  Casilla.cpp
  Peon.cpp
  Pieza.cpp
C:\Users\Admin\OneDrive - Universidad Politécnica de Madrid\Documentos\GitHub\Ajedrez\Ajedrez\Ajedrez\Peon.cpp(13,33): error C2065: 'ubi_fila': identificador no declarado
C:\Users\Admin\OneDrive - Universidad Politécnica de Madrid\Documentos\GitHub\Ajedrez\Ajedrez\Ajedrez\Peon.cpp(13,50): error C2065: 'ubi_fila': identificador no declarado
C:\Users\Admin\OneDrive - Universidad Politécnica de Madrid\Documentos\GitHub\Ajedrez\Ajedrez\Ajedrez\Peon.cpp(14,33): error C2065: 'ubi_fila': identificador no declarado
C:\Users\Admin\OneDrive - Universidad Politécnica de Madrid\Documentos\GitHub\Ajedrez\Ajedrez\Ajedrez\Peon.cpp(14,50): error C2065: 'ubi_fila': identificador no declarado
C:\Users\Admin\OneDrive - Universidad Politécnica de Madrid\Documentos\GitHub\Ajedrez\Ajedrez\Ajedrez\Peon.cpp(21,30): error C2065: 'ubi_fila': identificador no declarado
C:\Users\Admin\OneDrive - Universidad Politécnica de Madrid\Documentos\GitHub\Ajedrez\Ajedrez\Ajedrez\Peon.cpp(22,30): error C2065: 'ubi_fila': identificador no declarado
C:\Users\Admin\OneDrive - Universidad Politécnica de Madrid\Documentos\GitHub\Ajedrez\Ajedrez\Ajedrez\Pieza.cpp(32,2): error C2065: 'ubi_fila': identificador no declarado
C:\Users\Admin\OneDrive - Universidad Politécnica de Madrid\Documentos\GitHub\Ajedrez\Ajedrez\Ajedrez\Pieza.cpp(33,2): error C2065: 'ubi_columna': identificador no declarado
C:\Users\Admin\OneDrive - Universidad Politécnica de Madrid\Documentos\GitHub\Ajedrez\Ajedrez\Ajedrez\Pieza.cpp(40,2): error C2065: 'ubi_fila': identificador no declarado
C:\Users\Admin\OneDrive - Universidad Politécnica de Madrid\Documentos\GitHub\Ajedrez\Ajedrez\Ajedrez\Pieza.cpp(41,2): error C2065: 'ubi_columna': identificador no declarado
C:\Users\Admin\OneDrive - Universidad Politécnica de Madrid\Documentos\GitHub\Ajedrez\Ajedrez\Ajedrez\Pieza.cpp(47,2): error C2065: 'ubi_fila': identificador no declarado
C:\Users\Admin\OneDrive - Universidad Politécnica de Madrid\Documentos\GitHub\Ajedrez\Ajedrez\Ajedrez\Pieza.cpp(48,2): error C2065: 'ubi_columna': identificador no declarado
  Reina.cpp
  Rey.cpp
  Tablero.cpp
C:\Users\Admin\OneDrive - Universidad Politécnica de Madrid\Documentos\GitHub\Ajedrez\Ajedrez\Ajedrez\Tablero.cpp(20,21): warning C4267: 'return': conversión de 'size_t' a 'int'; posible pérdida de datos
C:\Users\Admin\OneDrive - Universidad Politécnica de Madrid\Documentos\GitHub\Ajedrez\Ajedrez\Ajedrez\Tablero.cpp(23,24): warning C4267: 'return': conversión de 'size_t' a 'int'; posible pérdida de datos
  Torre.cpp
  Generando código...
